<?xml version="1.0" encoding="UTF-8"?>
<testng-results ignored="0" total="10" passed="9" failed="1" skipped="0">
  <reporter-output>
  </reporter-output>
  <suite started-at="2021-09-27T08:17:19 PDT" name="Default suite" finished-at="2021-09-27T08:18:30 PDT" duration-ms="71015">
    <groups>
    </groups>
    <test started-at="2021-09-27T08:17:19 PDT" name="Default test" finished-at="2021-09-27T08:18:30 PDT" duration-ms="71015">
      <class name="tests.FactoryTests">
        <test-method is-config="true" signature="initChromeProp()[pri:0, instance:tests.FactoryTests@306f16f3]" started-at="2021-09-27T08:17:19 PDT" name="initChromeProp" test-instance-name="Test_9" finished-at="2021-09-27T08:17:19 PDT" duration-ms="2" status="PASS">
          <reporter-output>
          </reporter-output>
        </test-method> <!-- initChromeProp -->
        <test-method signature="addNthItemTest()[pri:0, instance:tests.FactoryTests@1a4013, instance params:[7]]" started-at="2021-09-27T08:17:19 PDT" name="addNthItemTest" description="adding item to cart" test-instance-name="Test_7" finished-at="2021-09-27T08:17:31 PDT" duration-ms="11841" status="PASS">
          <reporter-output>
          </reporter-output>
        </test-method> <!-- addNthItemTest -->
        <test-method signature="addNthItemTest()[pri:0, instance:tests.FactoryTests@1b6e1eff, instance params:[8]]" started-at="2021-09-27T08:17:31 PDT" name="addNthItemTest" description="adding item to cart" test-instance-name="Test_8" finished-at="2021-09-27T08:17:39 PDT" duration-ms="8391" status="PASS">
          <reporter-output>
          </reporter-output>
        </test-method> <!-- addNthItemTest -->
        <test-method signature="addNthItemTest()[pri:0, instance:tests.FactoryTests@1cbb87f3, instance params:[6]]" started-at="2021-09-27T08:17:39 PDT" name="addNthItemTest" description="adding item to cart" test-instance-name="Test_6" finished-at="2021-09-27T08:17:46 PDT" duration-ms="6191" status="PASS">
          <reporter-output>
          </reporter-output>
        </test-method> <!-- addNthItemTest -->
        <test-method signature="addNthItemTest()[pri:0, instance:tests.FactoryTests@306f16f3, instance params:[9]]" started-at="2021-09-27T08:17:46 PDT" name="addNthItemTest" description="adding item to cart" test-instance-name="Test_9" finished-at="2021-09-27T08:17:55 PDT" duration-ms="9287" status="PASS">
          <reporter-output>
          </reporter-output>
        </test-method> <!-- addNthItemTest -->
        <test-method signature="addNthItemTest()[pri:0, instance:tests.FactoryTests@31e5415e, instance params:[4]]" started-at="2021-09-27T08:17:55 PDT" name="addNthItemTest" description="adding item to cart" test-instance-name="Test_4" finished-at="2021-09-27T08:18:00 PDT" duration-ms="4811" status="FAIL">
          <exception class="java.lang.AssertionError">
            <message>
              <![CDATA[expected [true] but found [false]]]>
            </message>
            <full-stacktrace>
              <![CDATA[java.lang.AssertionError: expected [true] but found [false]
at org.testng.Assert.fail(Assert.java:99)
at org.testng.Assert.failNotEquals(Assert.java:1037)
at org.testng.Assert.assertTrue(Assert.java:45)
at org.testng.Assert.assertTrue(Assert.java:55)
at tests.FactoryTests.addNthItemTest(FactoryTests.java:83)
at java.base/jdk.internal.reflect.NativeMethodAccessorImpl.invoke0(Native Method)
at java.base/jdk.internal.reflect.NativeMethodAccessorImpl.invoke(NativeMethodAccessorImpl.java:78)
at java.base/jdk.internal.reflect.DelegatingMethodAccessorImpl.invoke(DelegatingMethodAccessorImpl.java:43)
at java.base/java.lang.reflect.Method.invoke(Method.java:567)
at org.testng.internal.MethodInvocationHelper.invokeMethod(MethodInvocationHelper.java:133)
at org.testng.internal.TestInvoker.invokeMethod(TestInvoker.java:598)
at org.testng.internal.TestInvoker.invokeTestMethod(TestInvoker.java:173)
at org.testng.internal.MethodRunner.runInSequence(MethodRunner.java:46)
at org.testng.internal.TestInvoker$MethodInvocationAgent.invoke(TestInvoker.java:824)
at org.testng.internal.TestInvoker.invokeTestMethods(TestInvoker.java:146)
at org.testng.internal.TestMethodWorker.invokeTestMethods(TestMethodWorker.java:146)
at org.testng.internal.TestMethodWorker.run(TestMethodWorker.java:128)
at java.base/java.util.ArrayList.forEach(ArrayList.java:1511)
at org.testng.TestRunner.privateRun(TestRunner.java:794)
at org.testng.TestRunner.run(TestRunner.java:596)
at org.testng.SuiteRunner.runTest(SuiteRunner.java:377)
at org.testng.SuiteRunner.runSequentially(SuiteRunner.java:371)
at org.testng.SuiteRunner.privateRun(SuiteRunner.java:332)
at org.testng.SuiteRunner.run(SuiteRunner.java:276)
at org.testng.SuiteRunnerWorker.runSuite(SuiteRunnerWorker.java:53)
at org.testng.SuiteRunnerWorker.run(SuiteRunnerWorker.java:96)
at org.testng.TestNG.runSuitesSequentially(TestNG.java:1212)
at org.testng.TestNG.runSuitesLocally(TestNG.java:1134)
at org.testng.TestNG.runSuites(TestNG.java:1063)
at org.testng.TestNG.run(TestNG.java:1031)
at org.testng.remote.AbstractRemoteTestNG.run(AbstractRemoteTestNG.java:115)
at org.testng.remote.RemoteTestNG.initAndRun(RemoteTestNG.java:251)
at org.testng.remote.RemoteTestNG.main(RemoteTestNG.java:77)
]]>
            </full-stacktrace>
          </exception> <!-- java.lang.AssertionError -->
          <reporter-output>
          </reporter-output>
        </test-method> <!-- addNthItemTest -->
        <test-method signature="addNthItemTest()[pri:0, instance:tests.FactoryTests@34f5090e, instance params:[3]]" started-at="2021-09-27T08:18:00 PDT" name="addNthItemTest" description="adding item to cart" test-instance-name="Test_3" finished-at="2021-09-27T08:18:06 PDT" duration-ms="6083" status="PASS">
          <reporter-output>
          </reporter-output>
        </test-method> <!-- addNthItemTest -->
        <test-method signature="addNthItemTest()[pri:0, instance:tests.FactoryTests@4e096385, instance params:[0]]" started-at="2021-09-27T08:18:06 PDT" name="addNthItemTest" description="adding item to cart" test-instance-name="Test_0" finished-at="2021-09-27T08:18:12 PDT" duration-ms="6048" status="PASS">
          <reporter-output>
          </reporter-output>
        </test-method> <!-- addNthItemTest -->
        <test-method signature="addNthItemTest()[pri:0, instance:tests.FactoryTests@649bec2e, instance params:[1]]" started-at="2021-09-27T08:18:12 PDT" name="addNthItemTest" description="adding item to cart" test-instance-name="Test_1" finished-at="2021-09-27T08:18:19 PDT" duration-ms="6982" status="PASS">
          <reporter-output>
          </reporter-output>
        </test-method> <!-- addNthItemTest -->
        <test-method signature="addNthItemTest()[pri:0, instance:tests.FactoryTests@693fe6c9, instance params:[2]]" started-at="2021-09-27T08:18:19 PDT" name="addNthItemTest" description="adding item to cart" test-instance-name="Test_2" finished-at="2021-09-27T08:18:24 PDT" duration-ms="5637" status="PASS">
          <reporter-output>
          </reporter-output>
        </test-method> <!-- addNthItemTest -->
        <test-method signature="addNthItemTest()[pri:0, instance:tests.FactoryTests@a2431d0, instance params:[5]]" started-at="2021-09-27T08:18:24 PDT" name="addNthItemTest" description="adding item to cart" test-instance-name="Test_5" finished-at="2021-09-27T08:18:30 PDT" duration-ms="5707" status="PASS">
          <reporter-output>
          </reporter-output>
        </test-method> <!-- addNthItemTest -->
      </class> <!-- tests.FactoryTests -->
    </test> <!-- Default test -->
  </suite> <!-- Default suite -->
</testng-results>
