<?xml version="1.0" encoding="UTF-8"?>
<!-- Generated by org.testng.reporters.JUnitXMLReporter -->
<testsuite ignored="8" hostname="MBP-23.local" failures="4" tests="4" name="testGuru" time="25.189" errors="0" timestamp="2021-09-23T16:12:56 PDT">
  <testcase classname="PomDemoTests.PomDemoTests" name="@AfterTest closeBrowser" time="0.0">
    <failure type="java.lang.NullPointerException" message="Cannot invoke &amp;quot;org.openqa.selenium.WebDriver.close()&amp;quot; because &amp;quot;this.chromeDriver&amp;quot; is null">
      <![CDATA[java.lang.NullPointerException: Cannot invoke "org.openqa.selenium.WebDriver.close()" because "this.chromeDriver" is null
at PomDemoTests.PomDemoTests.closeBrowser(PomDemoTests.java:155)
... Removed 24 stack frames]]>
    </failure>
  </testcase> <!-- @AfterTest closeBrowser -->
  <testcase classname="PomDemoTests.PomDemoTests" name="safariCapySearch" time="2.027">
    <failure type="java.lang.AssertionError" message="expected [true] but found [false]">
      <![CDATA[java.lang.AssertionError: expected [true] but found [false]
at PomDemoTests.PomDemoTests.verifyWikiSearch(PomDemoTests.java:49)
at PomDemoTests.PomDemoTests.capySearch(PomDemoTests.java:53)
at PomDemoTests.PomDemoTests.safariCapySearch(PomDemoTests.java:132)
at java.base/java.util.concurrent.ThreadPoolExecutor.runWorker(ThreadPoolExecutor.java:1130)
at java.base/java.util.concurrent.ThreadPoolExecutor$Worker.run(ThreadPoolExecutor.java:630)
at java.base/java.lang.Thread.run(Thread.java:831)
... Removed 16 stack frames]]>
    </failure>
  </testcase> <!-- safariCapySearch -->
  <testcase classname="PomDemoTests.PomDemoTests" name="safariVerifyFail" time="2.863">
    <failure type="org.openqa.selenium.StaleElementReferenceException" message="A node reference could not be resolved: Node with identifier &amp;apos;node-8EE2A3D8-357C-4B20-B248-3DEF83F6EC04&amp;apos; was not found
For documentation on this error, please visit: https://selenium.dev/exceptions/#stale_element_reference
Build info: version: &amp;apos;4.0.0-rc-1&amp;apos;, revision: &amp;apos;bc5511cbda&amp;apos;
System info: host: &amp;apos;MBP-23.local&amp;apos;, ip: &amp;apos;2601:1c2:1a00:b50:1d4d:38:d723:6a44%en0&amp;apos;, os.name: &amp;apos;Mac OS X&amp;apos;, os.arch: &amp;apos;x86_64&amp;apos;, os.version: &amp;apos;11.5&amp;apos;, java.version: &amp;apos;16.0.2&amp;apos;
Driver info: org.openqa.selenium.safari.SafariDriver
Command: [DD43244E-020E-4BE3-A214-3B8C58EF489C, sendKeysToElement {id=node-8EE2A3D8-357C-4B20-B248-3DEF83F6EC04, value=[Ljava.lang.CharSequence;@726d53a8}]
Capabilities {acceptInsecureCerts: false, browserName: Safari, browserVersion: 15.0, javascriptEnabled: true, platform: MAC, platformName: MAC, safari:automaticInspection: false, safari:automaticProfiling: false, safari:diagnose: false, safari:platformBuildVersion: 20G165, safari:platformVersion: 11.6, safari:useSimulator: false, setWindowRect: true, strictFileInteractability: false, webkit:WebRTC: {DisableICECandidateFiltering: false, DisableInsecureMediaCapture: false}}
Element: [[SafariDriver: Safari on MAC (DD43244E-020E-4BE3-A214-3B8C58EF489C)] -&amp;gt; name: wpName]
Session ID: DD43244E-020E-4BE3-A214-3B8C58EF489C">
      <![CDATA[org.openqa.selenium.StaleElementReferenceException: A node reference could not be resolved: Node with identifier 'node-8EE2A3D8-357C-4B20-B248-3DEF83F6EC04' was not found
For documentation on this error, please visit: https://selenium.dev/exceptions/#stale_element_reference
Build info: version: '4.0.0-rc-1', revision: 'bc5511cbda'
System info: host: 'MBP-23.local', ip: '2601:1c2:1a00:b50:1d4d:38:d723:6a44%en0', os.name: 'Mac OS X', os.arch: 'x86_64', os.version: '11.5', java.version: '16.0.2'
Driver info: org.openqa.selenium.safari.SafariDriver
Command: [DD43244E-020E-4BE3-A214-3B8C58EF489C, sendKeysToElement {id=node-8EE2A3D8-357C-4B20-B248-3DEF83F6EC04, value=[Ljava.lang.CharSequence;@726d53a8}]
Capabilities {acceptInsecureCerts: false, browserName: Safari, browserVersion: 15.0, javascriptEnabled: true, platform: MAC, platformName: MAC, safari:automaticInspection: false, safari:automaticProfiling: false, safari:diagnose: false, safari:platformBuildVersion: 20G165, safari:platformVersion: 11.6, safari:useSimulator: false, setWindowRect: true, strictFileInteractability: false, webkit:WebRTC: {DisableICECandidateFiltering: false, DisableInsecureMediaCapture: false}}
Element: [[SafariDriver: Safari on MAC (DD43244E-020E-4BE3-A214-3B8C58EF489C)] -> name: wpName]
Session ID: DD43244E-020E-4BE3-A214-3B8C58EF489C
at org.openqa.selenium.remote.codec.w3c.W3CHttpResponseCodec.createException(W3CHttpResponseCodec.java:200)
at org.openqa.selenium.remote.codec.w3c.W3CHttpResponseCodec.decode(W3CHttpResponseCodec.java:133)
at org.openqa.selenium.remote.codec.w3c.W3CHttpResponseCodec.decode(W3CHttpResponseCodec.java:53)
at org.openqa.selenium.remote.HttpCommandExecutor.execute(HttpCommandExecutor.java:184)
at org.openqa.selenium.remote.service.DriverCommandExecutor.invokeExecute(DriverCommandExecutor.java:164)
at org.openqa.selenium.remote.service.DriverCommandExecutor.execute(DriverCommandExecutor.java:139)
at org.openqa.selenium.remote.RemoteWebDriver.execute(RemoteWebDriver.java:547)
at org.openqa.selenium.remote.RemoteWebElement.execute(RemoteWebElement.java:251)
at org.openqa.selenium.remote.RemoteWebElement.sendKeys(RemoteWebElement.java:107)
at PomDemo.LoginPage.logInFromSplash(LoginPage.java:27)
at PomDemoTests.PomDemoTests.loginVerify(PomDemoTests.java:68)
at PomDemoTests.PomDemoTests.verifyFail(PomDemoTests.java:78)
at PomDemoTests.PomDemoTests.safariVerifyFail(PomDemoTests.java:114)
at java.base/java.util.concurrent.ThreadPoolExecutor.runWorker(ThreadPoolExecutor.java:1130)
at java.base/java.util.concurrent.ThreadPoolExecutor$Worker.run(ThreadPoolExecutor.java:630)
at java.base/java.lang.Thread.run(Thread.java:831)
... Removed 17 stack frames]]>
    </failure>
  </testcase> <!-- safariVerifyFail -->
  <testcase classname="PomDemoTests.PomDemoTests" name="safariVerifyLogin" time="2.875">
    <failure type="org.openqa.selenium.NoSuchElementException" message="For documentation on this error, please visit: https://selenium.dev/exceptions/#no_such_element
Build info: version: &amp;apos;4.0.0-rc-1&amp;apos;, revision: &amp;apos;bc5511cbda&amp;apos;
System info: host: &amp;apos;MBP-23.local&amp;apos;, ip: &amp;apos;2601:1c2:1a00:b50:1d4d:38:d723:6a44%en0&amp;apos;, os.name: &amp;apos;Mac OS X&amp;apos;, os.arch: &amp;apos;x86_64&amp;apos;, os.version: &amp;apos;11.5&amp;apos;, java.version: &amp;apos;16.0.2&amp;apos;
Driver info: org.openqa.selenium.safari.SafariDriver
Command: [DD43244E-020E-4BE3-A214-3B8C58EF489C, findElement {using=name, value=wpPassword}]
Capabilities {acceptInsecureCerts: false, browserName: Safari, browserVersion: 15.0, javascriptEnabled: true, platform: MAC, platformName: MAC, safari:automaticInspection: false, safari:automaticProfiling: false, safari:diagnose: false, safari:platformBuildVersion: 20G165, safari:platformVersion: 11.6, safari:useSimulator: false, setWindowRect: true, strictFileInteractability: false, webkit:WebRTC: {DisableICECandidateFiltering: false, DisableInsecureMediaCapture: false}}
Session ID: DD43244E-020E-4BE3-A214-3B8C58EF489C">
      <![CDATA[org.openqa.selenium.NoSuchElementException: For documentation on this error, please visit: https://selenium.dev/exceptions/#no_such_element
Build info: version: '4.0.0-rc-1', revision: 'bc5511cbda'
System info: host: 'MBP-23.local', ip: '2601:1c2:1a00:b50:1d4d:38:d723:6a44%en0', os.name: 'Mac OS X', os.arch: 'x86_64', os.version: '11.5', java.version: '16.0.2'
Driver info: org.openqa.selenium.safari.SafariDriver
Command: [DD43244E-020E-4BE3-A214-3B8C58EF489C, findElement {using=name, value=wpPassword}]
Capabilities {acceptInsecureCerts: false, browserName: Safari, browserVersion: 15.0, javascriptEnabled: true, platform: MAC, platformName: MAC, safari:automaticInspection: false, safari:automaticProfiling: false, safari:diagnose: false, safari:platformBuildVersion: 20G165, safari:platformVersion: 11.6, safari:useSimulator: false, setWindowRect: true, strictFileInteractability: false, webkit:WebRTC: {DisableICECandidateFiltering: false, DisableInsecureMediaCapture: false}}
Session ID: DD43244E-020E-4BE3-A214-3B8C58EF489C
at org.openqa.selenium.remote.codec.w3c.W3CHttpResponseCodec.createException(W3CHttpResponseCodec.java:200)
at org.openqa.selenium.remote.codec.w3c.W3CHttpResponseCodec.decode(W3CHttpResponseCodec.java:133)
at org.openqa.selenium.remote.codec.w3c.W3CHttpResponseCodec.decode(W3CHttpResponseCodec.java:53)
at org.openqa.selenium.remote.HttpCommandExecutor.execute(HttpCommandExecutor.java:184)
at org.openqa.selenium.remote.service.DriverCommandExecutor.invokeExecute(DriverCommandExecutor.java:164)
at org.openqa.selenium.remote.service.DriverCommandExecutor.execute(DriverCommandExecutor.java:139)
at org.openqa.selenium.remote.RemoteWebDriver.execute(RemoteWebDriver.java:547)
at org.openqa.selenium.remote.ElementLocation$ElementFinder$2.findElement(ElementLocation.java:162)
at org.openqa.selenium.remote.ElementLocation.findElement(ElementLocation.java:60)
at org.openqa.selenium.remote.RemoteWebDriver.findElement(RemoteWebDriver.java:381)
at org.openqa.selenium.remote.RemoteWebDriver.findElement(RemoteWebDriver.java:373)
at PomDemo.LoginPage.logInFromSplash(LoginPage.java:28)
at PomDemoTests.PomDemoTests.loginVerify(PomDemoTests.java:68)
at PomDemoTests.PomDemoTests.verifyFdaggett(PomDemoTests.java:74)
at PomDemoTests.PomDemoTests.safariVerifyLogin(PomDemoTests.java:96)
at java.base/java.util.concurrent.ThreadPoolExecutor.runWorker(ThreadPoolExecutor.java:1130)
at java.base/java.util.concurrent.ThreadPoolExecutor$Worker.run(ThreadPoolExecutor.java:630)
at java.base/java.lang.Thread.run(Thread.java:831)
... Removed 17 stack frames]]>
    </failure>
  </testcase> <!-- safariVerifyLogin -->
  <testcase classname="PomDemoTests.PomDemoTests" name="safariNapoleonSearch" time="1.044">
    <failure type="java.lang.AssertionError" message="expected [true] but found [false]">
      <![CDATA[java.lang.AssertionError: expected [true] but found [false]
at PomDemoTests.PomDemoTests.verifyWikiSearch(PomDemoTests.java:49)
at PomDemoTests.PomDemoTests.napoleonSearch(PomDemoTests.java:57)
at PomDemoTests.PomDemoTests.safariNapoleonSearch(PomDemoTests.java:150)
at java.base/java.util.concurrent.ThreadPoolExecutor.runWorker(ThreadPoolExecutor.java:1130)
at java.base/java.util.concurrent.ThreadPoolExecutor$Worker.run(ThreadPoolExecutor.java:630)
at java.base/java.lang.Thread.run(Thread.java:831)
... Removed 16 stack frames]]>
    </failure>
  </testcase> <!-- safariNapoleonSearch -->
  <testcase classname="PomDemoTests.PomDemoTests" name="firefoxCapySearch" time="0.0">
    <ignored/>
  </testcase> <!-- firefoxCapySearch -->
  <testcase classname="PomDemoTests.PomDemoTests" name="firefoxVerifyLogin" time="0.0">
    <ignored/>
  </testcase> <!-- firefoxVerifyLogin -->
  <testcase classname="PomDemoTests.PomDemoTests" name="firefoxNapoleonSearch" time="0.0">
    <ignored/>
  </testcase> <!-- firefoxNapoleonSearch -->
  <testcase classname="PomDemoTests.PomDemoTests" name="chromeVerifyLogin" time="0.0">
    <ignored/>
  </testcase> <!-- chromeVerifyLogin -->
  <testcase classname="PomDemoTests.PomDemoTests" name="chromeVerifyFail" time="0.0">
    <ignored/>
  </testcase> <!-- chromeVerifyFail -->
  <testcase classname="PomDemoTests.PomDemoTests" name="chromeCapySearch" time="0.0">
    <ignored/>
  </testcase> <!-- chromeCapySearch -->
  <testcase classname="PomDemoTests.PomDemoTests" name="firefoxVerifyFail" time="0.0">
    <ignored/>
  </testcase> <!-- firefoxVerifyFail -->
  <testcase classname="PomDemoTests.PomDemoTests" name="chromeNapoleonSearch" time="0.0">
    <ignored/>
  </testcase> <!-- chromeNapoleonSearch -->
</testsuite> <!-- testGuru -->
